<?xml version="1.0" encoding="UTF-8"?>
<testsuite xmlns:xsi="http://www.w3.org/2001/XMLSchema-instance" xsi:noNamespaceSchemaLocation="https://maven.apache.org/surefire/maven-surefire-plugin/xsd/surefire-test-report.xsd" name="TestSuite" time="389.939" tests="6" errors="0" skipped="0" failures="4">
  <properties>
[...]
</properties>
  <testcase name="loginFlipCart" classname="com.flipcart.testcases.loginFlipcartTestCase" time="1.844"/>
  <testcase name="test2" classname="com.flipcart.testcases.loginFlipcartTestCase" time="0"/>
  <testcase name="addToCart" classname="com.flipcart.testcases.SearchProductsTestCase" time="82.99">
    <failure message="no such element: Unable to locate element: {&quot;method&quot;:&quot;xpath&quot;,&quot;selector&quot;:&quot;//button[@class=&apos;_2AkmmA _2Npkh4 _2MWPVK&apos;]&quot;}&#10;  (Session info: chrome=81.0.4044.113)&#10;For documentation on this error, please visit: http://seleniumhq.org/exceptions/no_such_element.html&#10;Build info: version: &apos;3.14.0&apos;, revision: &apos;aacccce0&apos;, time: &apos;2018-08-02T20:19:58.91Z&apos;&#10;System info: host: &apos;NARAYAN-PC&apos;, ip: &apos;192.168.43.204&apos;, os.name: &apos;Windows 7&apos;, os.arch: &apos;x86&apos;, os.version: &apos;6.1&apos;, java.version: &apos;1.8.0_20&apos;&#10;Driver info: org.openqa.selenium.chrome.ChromeDriver&#10;Capabilities {acceptInsecureCerts: false, browserName: chrome, browserVersion: 81.0.4044.113, chrome: {chromedriverVersion: 80.0.3987.106 (f68069574609..., userDataDir: C:\Users\Narayan\AppData\Lo...}, goog:chromeOptions: {debuggerAddress: localhost:64641}, javascriptEnabled: true, networkConnectionEnabled: false, pageLoadStrategy: normal, platform: WINDOWS, platformName: WINDOWS, proxy: Proxy(), setWindowRect: true, strictFileInteractability: false, timeouts: {implicit: 0, pageLoad: 300000, script: 30000}, unhandledPromptBehavior: dismiss and notify}&#10;Session ID: 811d1c07cdada7935c7cace1c8137d50&#10;*** Element info: {Using=xpath, value=//button[@class=&apos;_2AkmmA _2Npkh4 _2MWPVK&apos;]}" type="org.openqa.selenium.NoSuchElementException">org.openqa.selenium.NoSuchElementException: 
no such element: Unable to locate element: {"method":"xpath","selector":"//button[@class='_2AkmmA _2Npkh4 _2MWPVK']"}
  (Session info: chrome=81.0.4044.113)
For documentation on this error, please visit: http://seleniumhq.org/exceptions/no_such_element.html
Build info: version: '3.14.0', revision: 'aacccce0', time: '2018-08-02T20:19:58.91Z'
System info: host: 'NARAYAN-PC', ip: '192.168.43.204', os.name: 'Windows 7', os.arch: 'x86', os.version: '6.1', java.version: '1.8.0_20'
Driver info: org.openqa.selenium.chrome.ChromeDriver
Capabilities {acceptInsecureCerts: false, browserName: chrome, browserVersion: 81.0.4044.113, chrome: {chromedriverVersion: 80.0.3987.106 (f68069574609..., userDataDir: C:\Users\Narayan\AppData\Lo...}, goog:chromeOptions: {debuggerAddress: localhost:64641}, javascriptEnabled: true, networkConnectionEnabled: false, pageLoadStrategy: normal, platform: WINDOWS, platformName: WINDOWS, proxy: Proxy(), setWindowRect: true, strictFileInteractability: false, timeouts: {implicit: 0, pageLoad: 300000, script: 30000}, unhandledPromptBehavior: dismiss and notify}
Session ID: 811d1c07cdada7935c7cace1c8137d50
*** Element info: {Using=xpath, value=//button[@class='_2AkmmA _2Npkh4 _2MWPVK']}
	at com.flipcart.testcases.SearchProductsTestCase.addToCart(SearchProductsTestCase.java:19)
</failure>
    <system-out><![CDATA[total products added is 3
Mi 10000 mAh Power Bank (PB10IZM, 18W Fast Charging)  (Black, Lithium Polymer)
Accessorize MN-58985197001 Backpack  (Multicolor, 12 inch)
Mi LED Smart TV 4A PRO 80 cm (32) with Android#JustHere
Vivo Z1Pro (Sonic Black, 64 GB)  (4 GB RAM)#JustHere
]]></system-out>
    <system-err><![CDATA[[1587780159.646][SEVERE]: Timed out receiving message from renderer: 0.100
[1587780159.761][SEVERE]: Timed out receiving message from renderer: 0.100
[1587780160.906][SEVERE]: Timed out receiving message from renderer: 0.100
[1587780161.413][SEVERE]: Timed out receiving message from renderer: 0.100
[1587780174.137][SEVERE]: Timed out receiving message from renderer: 0.100
[1587780174.480][SEVERE]: Timed out receiving message from renderer: 0.100
[1587780174.622][SEVERE]: Timed out receiving message from renderer: 0.100
[1587780174.793][SEVERE]: Timed out receiving message from renderer: 0.100
[1587780175.069][SEVERE]: Timed out receiving message from renderer: 0.100
[1587780175.722][SEVERE]: Timed out receiving message from renderer: 0.100
[1587780176.185][SEVERE]: Timed out receiving message from renderer: 0.100
[1587780176.304][SEVERE]: Timed out receiving message from renderer: 0.100
[1587780176.509][SEVERE]: Timed out receiving message from renderer: 0.100
[1587780177.068][SEVERE]: Timed out receiving message from renderer: 0.100
[1587780177.839][SEVERE]: Timed out receiving message from renderer: 0.100
[1587780177.977][SEVERE]: Timed out receiving message from renderer: 0.100
[1587780178.079][SEVERE]: Timed out receiving message from renderer: 0.100
[1587780178.183][SEVERE]: Timed out receiving message from renderer: 0.100
[1587780178.310][SEVERE]: Timed out receiving message from renderer: 0.100
[1587780178.423][SEVERE]: Timed out receiving message from renderer: 0.100
[1587780178.530][SEVERE]: Timed out receiving message from renderer: 0.100
[1587780178.639][SEVERE]: Timed out receiving message from renderer: 0.100
[1587780178.744][SEVERE]: Timed out receiving message from renderer: 0.100
[1587780178.857][SEVERE]: Timed out receiving message from renderer: 0.100
[1587780178.961][SEVERE]: Timed out receiving message from renderer: 0.100
[1587780179.086][SEVERE]: Timed out receiving message from renderer: 0.100
[1587780179.255][SEVERE]: Timed out receiving message from renderer: 0.100
[1587780179.358][SEVERE]: Timed out receiving message from renderer: 0.100
[1587780179.462][SEVERE]: Timed out receiving message from renderer: 0.100
[1587780180.136][SEVERE]: Timed out receiving message from renderer: 0.100
[1587780180.250][SEVERE]: Timed out receiving message from renderer: 0.100
[1587780180.354][SEVERE]: Timed out receiving message from renderer: 0.100
[1587780180.459][SEVERE]: Timed out receiving message from renderer: 0.100
[1587780180.565][SEVERE]: Timed out receiving message from renderer: 0.100
[1587780180.672][SEVERE]: Timed out receiving message from renderer: 0.100
[1587780180.817][SEVERE]: Timed out receiving message from renderer: 0.100
[1587780180.921][SEVERE]: Timed out receiving message from renderer: 0.100
[1587780181.043][SEVERE]: Timed out receiving message from renderer: 0.100
[1587780181.154][SEVERE]: Timed out receiving message from renderer: 0.100
[1587780181.259][SEVERE]: Timed out receiving message from renderer: 0.100
[1587780181.369][SEVERE]: Timed out receiving message from renderer: 0.100
[1587780181.487][SEVERE]: Timed out receiving message from renderer: 0.100
[1587780181.618][SEVERE]: Timed out receiving message from renderer: 0.100
[1587780181.731][SEVERE]: Timed out receiving message from renderer: 0.100
[1587780181.839][SEVERE]: Timed out receiving message from renderer: 0.100
[1587780181.978][SEVERE]: Timed out receiving message from renderer: 0.100
]]></system-err>
  </testcase>
  <testcase name="addToCart" classname="com.flipcart.testcases.SearchProductsTestCase" time="78.036">
    <failure message="no such element: Unable to locate element: {&quot;method&quot;:&quot;xpath&quot;,&quot;selector&quot;:&quot;//button[@class=&apos;_2AkmmA _2Npkh4 _2MWPVK&apos;]&quot;}&#10;  (Session info: chrome=81.0.4044.113)&#10;For documentation on this error, please visit: http://seleniumhq.org/exceptions/no_such_element.html&#10;Build info: version: &apos;3.14.0&apos;, revision: &apos;aacccce0&apos;, time: &apos;2018-08-02T20:19:58.91Z&apos;&#10;System info: host: &apos;NARAYAN-PC&apos;, ip: &apos;192.168.43.204&apos;, os.name: &apos;Windows 7&apos;, os.arch: &apos;x86&apos;, os.version: &apos;6.1&apos;, java.version: &apos;1.8.0_20&apos;&#10;Driver info: org.openqa.selenium.chrome.ChromeDriver&#10;Capabilities {acceptInsecureCerts: false, browserName: chrome, browserVersion: 81.0.4044.113, chrome: {chromedriverVersion: 80.0.3987.106 (f68069574609..., userDataDir: C:\Users\Narayan\AppData\Lo...}, goog:chromeOptions: {debuggerAddress: localhost:64641}, javascriptEnabled: true, networkConnectionEnabled: false, pageLoadStrategy: normal, platform: WINDOWS, platformName: WINDOWS, proxy: Proxy(), setWindowRect: true, strictFileInteractability: false, timeouts: {implicit: 0, pageLoad: 300000, script: 30000}, unhandledPromptBehavior: dismiss and notify}&#10;Session ID: 811d1c07cdada7935c7cace1c8137d50&#10;*** Element info: {Using=xpath, value=//button[@class=&apos;_2AkmmA _2Npkh4 _2MWPVK&apos;]}" type="org.openqa.selenium.NoSuchElementException">org.openqa.selenium.NoSuchElementException: 
no such element: Unable to locate element: {"method":"xpath","selector":"//button[@class='_2AkmmA _2Npkh4 _2MWPVK']"}
  (Session info: chrome=81.0.4044.113)
For documentation on this error, please visit: http://seleniumhq.org/exceptions/no_such_element.html
Build info: version: '3.14.0', revision: 'aacccce0', time: '2018-08-02T20:19:58.91Z'
System info: host: 'NARAYAN-PC', ip: '192.168.43.204', os.name: 'Windows 7', os.arch: 'x86', os.version: '6.1', java.version: '1.8.0_20'
Driver info: org.openqa.selenium.chrome.ChromeDriver
Capabilities {acceptInsecureCerts: false, browserName: chrome, browserVersion: 81.0.4044.113, chrome: {chromedriverVersion: 80.0.3987.106 (f68069574609..., userDataDir: C:\Users\Narayan\AppData\Lo...}, goog:chromeOptions: {debuggerAddress: localhost:64641}, javascriptEnabled: true, networkConnectionEnabled: false, pageLoadStrategy: normal, platform: WINDOWS, platformName: WINDOWS, proxy: Proxy(), setWindowRect: true, strictFileInteractability: false, timeouts: {implicit: 0, pageLoad: 300000, script: 30000}, unhandledPromptBehavior: dismiss and notify}
Session ID: 811d1c07cdada7935c7cace1c8137d50
*** Element info: {Using=xpath, value=//button[@class='_2AkmmA _2Npkh4 _2MWPVK']}
	at com.flipcart.testcases.SearchProductsTestCase.addToCart(SearchProductsTestCase.java:19)
</failure>
    <system-err><![CDATA[[1587780246.984][SEVERE]: Timed out receiving message from renderer: 0.100
[1587780247.785][SEVERE]: Timed out receiving message from renderer: 0.100
[1587780248.262][SEVERE]: Timed out receiving message from renderer: 0.100
[1587780248.377][SEVERE]: Timed out receiving message from renderer: 0.100
[1587780248.484][SEVERE]: Timed out receiving message from renderer: 0.100
[1587780248.587][SEVERE]: Timed out receiving message from renderer: 0.100
[1587780248.702][SEVERE]: Timed out receiving message from renderer: 0.100
[1587780248.806][SEVERE]: Timed out receiving message from renderer: 0.100
[1587780248.914][SEVERE]: Timed out receiving message from renderer: 0.100
[1587780249.017][SEVERE]: Timed out receiving message from renderer: 0.100
[1587780249.123][SEVERE]: Timed out receiving message from renderer: 0.100
[1587780249.229][SEVERE]: Timed out receiving message from renderer: 0.100
[1587780249.383][SEVERE]: Timed out receiving message from renderer: 0.100
[1587780249.935][SEVERE]: Timed out receiving message from renderer: 0.100
[1587780256.577][SEVERE]: Timed out receiving message from renderer: 0.100
[1587780257.881][SEVERE]: Timed out receiving message from renderer: 0.100
[1587780257.987][SEVERE]: Timed out receiving message from renderer: 0.100
[1587780258.105][SEVERE]: Timed out receiving message from renderer: 0.100
[1587780258.214][SEVERE]: Timed out receiving message from renderer: 0.100
[1587780258.326][SEVERE]: Timed out receiving message from renderer: 0.100
[1587780258.444][SEVERE]: Timed out receiving message from renderer: 0.100
[1587780258.643][SEVERE]: Timed out receiving message from renderer: 0.100
[1587780258.877][SEVERE]: Timed out receiving message from renderer: 0.100
[1587780259.290][SEVERE]: Timed out receiving message from renderer: 0.100
[1587780259.739][SEVERE]: Timed out receiving message from renderer: 0.100
[1587780259.844][SEVERE]: Timed out receiving message from renderer: 0.100
[1587780259.955][SEVERE]: Timed out receiving message from renderer: 0.100
[1587780260.090][SEVERE]: Timed out receiving message from renderer: 0.100
[1587780260.204][SEVERE]: Timed out receiving message from renderer: 0.100
[1587780260.310][SEVERE]: Timed out receiving message from renderer: 0.100
[1587780260.420][SEVERE]: Timed out receiving message from renderer: 0.100
[1587780260.526][SEVERE]: Timed out receiving message from renderer: 0.100
[1587780260.629][SEVERE]: Timed out receiving message from renderer: 0.100
[1587780260.733][SEVERE]: Timed out receiving message from renderer: 0.100
[1587780260.836][SEVERE]: Timed out receiving message from renderer: 0.100
[1587780260.941][SEVERE]: Timed out receiving message from renderer: 0.100
[1587780261.053][SEVERE]: Timed out receiving message from renderer: 0.100
[1587780261.189][SEVERE]: Timed out receiving message from renderer: 0.100
[1587780261.293][SEVERE]: Timed out receiving message from renderer: 0.100
[1587780261.396][SEVERE]: Timed out receiving message from renderer: 0.100
[1587780261.508][SEVERE]: Timed out receiving message from renderer: 0.100
[1587780261.667][SEVERE]: Timed out receiving message from renderer: 0.100
[1587780261.782][SEVERE]: Timed out receiving message from renderer: 0.100
[1587780261.909][SEVERE]: Timed out receiving message from renderer: 0.100
[1587780262.016][SEVERE]: Timed out receiving message from renderer: 0.100
[1587780262.120][SEVERE]: Timed out receiving message from renderer: 0.100
[1587780262.223][SEVERE]: Timed out receiving message from renderer: 0.100
[1587780262.326][SEVERE]: Timed out receiving message from renderer: 0.100
[1587780262.429][SEVERE]: Timed out receiving message from renderer: 0.100
[1587780262.533][SEVERE]: Timed out receiving message from renderer: 0.100
[1587780262.637][SEVERE]: Timed out receiving message from renderer: 0.100
]]></system-err>
  </testcase>
  <testcase name="addToCart" classname="com.flipcart.testcases.SearchProductsTestCase" time="82.961">
    <failure message="no such element: Unable to locate element: {&quot;method&quot;:&quot;xpath&quot;,&quot;selector&quot;:&quot;//button[@class=&apos;_2AkmmA _2Npkh4 _2MWPVK&apos;]&quot;}&#10;  (Session info: chrome=81.0.4044.113)&#10;For documentation on this error, please visit: http://seleniumhq.org/exceptions/no_such_element.html&#10;Build info: version: &apos;3.14.0&apos;, revision: &apos;aacccce0&apos;, time: &apos;2018-08-02T20:19:58.91Z&apos;&#10;System info: host: &apos;NARAYAN-PC&apos;, ip: &apos;192.168.43.204&apos;, os.name: &apos;Windows 7&apos;, os.arch: &apos;x86&apos;, os.version: &apos;6.1&apos;, java.version: &apos;1.8.0_20&apos;&#10;Driver info: org.openqa.selenium.chrome.ChromeDriver&#10;Capabilities {acceptInsecureCerts: false, browserName: chrome, browserVersion: 81.0.4044.113, chrome: {chromedriverVersion: 80.0.3987.106 (f68069574609..., userDataDir: C:\Users\Narayan\AppData\Lo...}, goog:chromeOptions: {debuggerAddress: localhost:64641}, javascriptEnabled: true, networkConnectionEnabled: false, pageLoadStrategy: normal, platform: WINDOWS, platformName: WINDOWS, proxy: Proxy(), setWindowRect: true, strictFileInteractability: false, timeouts: {implicit: 0, pageLoad: 300000, script: 30000}, unhandledPromptBehavior: dismiss and notify}&#10;Session ID: 811d1c07cdada7935c7cace1c8137d50&#10;*** Element info: {Using=xpath, value=//button[@class=&apos;_2AkmmA _2Npkh4 _2MWPVK&apos;]}" type="org.openqa.selenium.NoSuchElementException">org.openqa.selenium.NoSuchElementException: 
no such element: Unable to locate element: {"method":"xpath","selector":"//button[@class='_2AkmmA _2Npkh4 _2MWPVK']"}
  (Session info: chrome=81.0.4044.113)
For documentation on this error, please visit: http://seleniumhq.org/exceptions/no_such_element.html
Build info: version: '3.14.0', revision: 'aacccce0', time: '2018-08-02T20:19:58.91Z'
System info: host: 'NARAYAN-PC', ip: '192.168.43.204', os.name: 'Windows 7', os.arch: 'x86', os.version: '6.1', java.version: '1.8.0_20'
Driver info: org.openqa.selenium.chrome.ChromeDriver
Capabilities {acceptInsecureCerts: false, browserName: chrome, browserVersion: 81.0.4044.113, chrome: {chromedriverVersion: 80.0.3987.106 (f68069574609..., userDataDir: C:\Users\Narayan\AppData\Lo...}, goog:chromeOptions: {debuggerAddress: localhost:64641}, javascriptEnabled: true, networkConnectionEnabled: false, pageLoadStrategy: normal, platform: WINDOWS, platformName: WINDOWS, proxy: Proxy(), setWindowRect: true, strictFileInteractability: false, timeouts: {implicit: 0, pageLoad: 300000, script: 30000}, unhandledPromptBehavior: dismiss and notify}
Session ID: 811d1c07cdada7935c7cace1c8137d50
*** Element info: {Using=xpath, value=//button[@class='_2AkmmA _2Npkh4 _2MWPVK']}
	at com.flipcart.testcases.SearchProductsTestCase.addToCart(SearchProductsTestCase.java:19)
</failure>
    <system-err><![CDATA[[1587780330.799][SEVERE]: Timed out receiving message from renderer: 0.100
[1587780331.376][SEVERE]: Timed out receiving message from renderer: 0.100
[1587780331.517][SEVERE]: Timed out receiving message from renderer: 0.100
[1587780332.041][SEVERE]: Timed out receiving message from renderer: 0.100
[1587780332.147][SEVERE]: Timed out receiving message from renderer: 0.100
[1587780332.254][SEVERE]: Timed out receiving message from renderer: 0.100
[1587780332.383][SEVERE]: Timed out receiving message from renderer: 0.100
[1587780332.486][SEVERE]: Timed out receiving message from renderer: 0.100
[1587780332.593][SEVERE]: Timed out receiving message from renderer: 0.100
[1587780332.696][SEVERE]: Timed out receiving message from renderer: 0.100
[1587780332.800][SEVERE]: Timed out receiving message from renderer: 0.100
[1587780332.907][SEVERE]: Timed out receiving message from renderer: 0.100
[1587780333.014][SEVERE]: Timed out receiving message from renderer: 0.100
[1587780333.117][SEVERE]: Timed out receiving message from renderer: 0.100
[1587780333.227][SEVERE]: Timed out receiving message from renderer: 0.100
[1587780333.339][SEVERE]: Timed out receiving message from renderer: 0.100
[1587780333.585][SEVERE]: Timed out receiving message from renderer: 0.100
[1587780333.696][SEVERE]: Timed out receiving message from renderer: 0.100
[1587780333.825][SEVERE]: Timed out receiving message from renderer: 0.100
[1587780333.933][SEVERE]: Timed out receiving message from renderer: 0.100
[1587780344.516][SEVERE]: Timed out receiving message from renderer: 0.100
[1587780344.621][SEVERE]: Timed out receiving message from renderer: 0.100
[1587780344.743][SEVERE]: Timed out receiving message from renderer: 0.100
[1587780345.125][SEVERE]: Timed out receiving message from renderer: 0.100
[1587780345.402][SEVERE]: Timed out receiving message from renderer: 0.100
[1587780346.204][SEVERE]: Timed out receiving message from renderer: 0.100
[1587780346.604][SEVERE]: Timed out receiving message from renderer: 0.100
[1587780346.723][SEVERE]: Timed out receiving message from renderer: 0.100
[1587780346.833][SEVERE]: Timed out receiving message from renderer: 0.100
[1587780346.939][SEVERE]: Timed out receiving message from renderer: 0.100
[1587780347.053][SEVERE]: Timed out receiving message from renderer: 0.100
[1587780347.157][SEVERE]: Timed out receiving message from renderer: 0.100
[1587780347.353][SEVERE]: Timed out receiving message from renderer: 0.100
[1587780347.458][SEVERE]: Timed out receiving message from renderer: 0.100
[1587780347.573][SEVERE]: Timed out receiving message from renderer: 0.100
[1587780347.718][SEVERE]: Timed out receiving message from renderer: 0.100
[1587780347.827][SEVERE]: Timed out receiving message from renderer: 0.100
[1587780347.937][SEVERE]: Timed out receiving message from renderer: 0.100
]]></system-err>
  </testcase>
  <testcase name="addToCart" classname="com.flipcart.testcases.SearchProductsTestCase" time="79.153">
    <failure message="no such element: Unable to locate element: {&quot;method&quot;:&quot;xpath&quot;,&quot;selector&quot;:&quot;//button[@class=&apos;_2AkmmA _2Npkh4 _2MWPVK&apos;]&quot;}&#10;  (Session info: chrome=81.0.4044.113)&#10;For documentation on this error, please visit: http://seleniumhq.org/exceptions/no_such_element.html&#10;Build info: version: &apos;3.14.0&apos;, revision: &apos;aacccce0&apos;, time: &apos;2018-08-02T20:19:58.91Z&apos;&#10;System info: host: &apos;NARAYAN-PC&apos;, ip: &apos;192.168.43.204&apos;, os.name: &apos;Windows 7&apos;, os.arch: &apos;x86&apos;, os.version: &apos;6.1&apos;, java.version: &apos;1.8.0_20&apos;&#10;Driver info: org.openqa.selenium.chrome.ChromeDriver&#10;Capabilities {acceptInsecureCerts: false, browserName: chrome, browserVersion: 81.0.4044.113, chrome: {chromedriverVersion: 80.0.3987.106 (f68069574609..., userDataDir: C:\Users\Narayan\AppData\Lo...}, goog:chromeOptions: {debuggerAddress: localhost:64641}, javascriptEnabled: true, networkConnectionEnabled: false, pageLoadStrategy: normal, platform: WINDOWS, platformName: WINDOWS, proxy: Proxy(), setWindowRect: true, strictFileInteractability: false, timeouts: {implicit: 0, pageLoad: 300000, script: 30000}, unhandledPromptBehavior: dismiss and notify}&#10;Session ID: 811d1c07cdada7935c7cace1c8137d50&#10;*** Element info: {Using=xpath, value=//button[@class=&apos;_2AkmmA _2Npkh4 _2MWPVK&apos;]}" type="org.openqa.selenium.NoSuchElementException">org.openqa.selenium.NoSuchElementException: 
no such element: Unable to locate element: {"method":"xpath","selector":"//button[@class='_2AkmmA _2Npkh4 _2MWPVK']"}
  (Session info: chrome=81.0.4044.113)
For documentation on this error, please visit: http://seleniumhq.org/exceptions/no_such_element.html
Build info: version: '3.14.0', revision: 'aacccce0', time: '2018-08-02T20:19:58.91Z'
System info: host: 'NARAYAN-PC', ip: '192.168.43.204', os.name: 'Windows 7', os.arch: 'x86', os.version: '6.1', java.version: '1.8.0_20'
Driver info: org.openqa.selenium.chrome.ChromeDriver
Capabilities {acceptInsecureCerts: false, browserName: chrome, browserVersion: 81.0.4044.113, chrome: {chromedriverVersion: 80.0.3987.106 (f68069574609..., userDataDir: C:\Users\Narayan\AppData\Lo...}, goog:chromeOptions: {debuggerAddress: localhost:64641}, javascriptEnabled: true, networkConnectionEnabled: false, pageLoadStrategy: normal, platform: WINDOWS, platformName: WINDOWS, proxy: Proxy(), setWindowRect: true, strictFileInteractability: false, timeouts: {implicit: 0, pageLoad: 300000, script: 30000}, unhandledPromptBehavior: dismiss and notify}
Session ID: 811d1c07cdada7935c7cace1c8137d50
*** Element info: {Using=xpath, value=//button[@class='_2AkmmA _2Npkh4 _2MWPVK']}
	at com.flipcart.testcases.SearchProductsTestCase.addToCart(SearchProductsTestCase.java:19)
</failure>
    <system-err><![CDATA[[1587780411.543][SEVERE]: Timed out receiving message from renderer: 0.100
[1587780412.081][SEVERE]: Timed out receiving message from renderer: 0.100
[1587780413.334][SEVERE]: Timed out receiving message from renderer: 0.100
[1587780413.438][SEVERE]: Timed out receiving message from renderer: 0.100
[1587780413.562][SEVERE]: Timed out receiving message from renderer: 0.100
[1587780414.082][SEVERE]: Timed out receiving message from renderer: 0.100
[1587780414.202][SEVERE]: Timed out receiving message from renderer: 0.100
[1587780414.305][SEVERE]: Timed out receiving message from renderer: 0.100
[1587780414.418][SEVERE]: Timed out receiving message from renderer: 0.100
[1587780414.536][SEVERE]: Timed out receiving message from renderer: 0.100
[1587780414.653][SEVERE]: Timed out receiving message from renderer: 0.100
[1587780414.846][SEVERE]: Timed out receiving message from renderer: 0.100
[1587780415.097][SEVERE]: Timed out receiving message from renderer: 0.100
[1587780415.215][SEVERE]: Timed out receiving message from renderer: 0.100
[1587780415.318][SEVERE]: Timed out receiving message from renderer: 0.100
[1587780415.434][SEVERE]: Timed out receiving message from renderer: 0.100
[1587780415.548][SEVERE]: Timed out receiving message from renderer: 0.100
[1587780415.651][SEVERE]: Timed out receiving message from renderer: 0.100
[1587780415.812][SEVERE]: Timed out receiving message from renderer: 0.100
[1587780415.924][SEVERE]: Timed out receiving message from renderer: 0.100
[1587780426.032][SEVERE]: Timed out receiving message from renderer: 0.100
[1587780426.392][SEVERE]: Timed out receiving message from renderer: 0.100
[1587780426.675][SEVERE]: Timed out receiving message from renderer: 0.100
[1587780427.104][SEVERE]: Timed out receiving message from renderer: 0.100
[1587780427.559][SEVERE]: Timed out receiving message from renderer: 0.100
[1587780427.864][SEVERE]: Timed out receiving message from renderer: 0.100
[1587780427.969][SEVERE]: Timed out receiving message from renderer: 0.100
[1587780428.080][SEVERE]: Timed out receiving message from renderer: 0.100
[1587780428.205][SEVERE]: Timed out receiving message from renderer: 0.100
[1587780428.321][SEVERE]: Timed out receiving message from renderer: 0.100
[1587780428.425][SEVERE]: Timed out receiving message from renderer: 0.100
[1587780428.529][SEVERE]: Timed out receiving message from renderer: 0.100
[1587780428.633][SEVERE]: Timed out receiving message from renderer: 0.100
[1587780428.739][SEVERE]: Timed out receiving message from renderer: 0.100
[1587780428.843][SEVERE]: Timed out receiving message from renderer: 0.100
[1587780428.947][SEVERE]: Timed out receiving message from renderer: 0.100
[1587780429.050][SEVERE]: Timed out receiving message from renderer: 0.100
]]></system-err>
  </testcase>
</testsuite>